<?xml version="1.0" encoding="UTF-8"?>
<testng-results skipped="0" failed="0" ignored="0" total="1" passed="1">
  <reporter-output>
  </reporter-output>
  <suite name="Default suite" duration-ms="8101" started-at="2018-09-14T02:31:51Z" finished-at="2018-09-14T02:31:59Z">
    <groups>
    </groups>
    <test name="Default test" duration-ms="8101" started-at="2018-09-14T02:31:51Z" finished-at="2018-09-14T02:31:59Z">
      <class name="com.vwork.utils.EmailSend">
        <test-method status="PASS" signature="maintest()[pri:0, instance:com.vwork.utils.EmailSend@5bcea91b]" name="maintest" duration-ms="7997" started-at="2018-09-14T02:31:51Z" finished-at="2018-09-14T02:31:59Z">
          <reporter-output>
          </reporter-output>
        </test-method> <!-- maintest -->
      </class> <!-- com.vwork.utils.EmailSend -->
    </test> <!-- Default test -->
  </suite> <!-- Default suite -->
</testng-results>
